<?xml version="1.0" encoding="UTF-8"?>
<testng-results skipped="0" failed="0" total="1" passed="1">
  <reporter-output>
  </reporter-output>
  <suite name="Default suite" duration-ms="23" started-at="2014-05-11T06:28:13Z" finished-at="2014-05-11T06:28:13Z">
    <groups>
    </groups>
    <test name="Default test" duration-ms="23" started-at="2014-05-11T06:28:13Z" finished-at="2014-05-11T06:28:13Z">
      <class name="gsr.Qbend.Admin.TestClass">
        <test-method status="PASS" signature="QbendMain()[pri:0, instance:gsr.Qbend.Admin.TestClass@77cb95b3]" name="QbendMain" duration-ms="12" started-at="2014-05-11T11:58:13Z" finished-at="2014-05-11T11:58:13Z">
          <reporter-output>
          </reporter-output>
        </test-method> <!-- QbendMain -->
      </class> <!-- gsr.Qbend.Admin.TestClass -->
    </test> <!-- Default test -->
  </suite> <!-- Default suite -->
</testng-results>
